<?xml version="1.0" encoding="UTF-8"?>
<!-- Generated by org.testng.reporters.JUnitReportReporter -->
<testsuite hostname="LTIN509718" failures="0" tests="12" name="com.becognizant.testcases.TC003_GSDPage" time="99.112" errors="0" timestamp="2024-04-03T17:53:22 IST" skipped="0">
  <testcase classname="com.becognizant.testcases.TC003_GSDPage" name="beCognizantTextValidation" time="3.459"/>
  <system-out/>
  <testcase classname="com.becognizant.testcases.TC003_GSDPage" name="profileValidation" time="8.402"/>
  <system-out/>
  <testcase classname="com.becognizant.testcases.TC003_GSDPage" name="oneCognizantTextValidation" time="0.022"/>
  <system-out/>
  <testcase classname="com.becognizant.testcases.TC003_GSDPage" name="navigateOneCognizant" time="10.800"/>
  <system-out/>
  <testcase classname="com.becognizant.testcases.TC003_GSDPage" name="searchGsd" time="3.205"/>
  <system-out/>
  <testcase classname="com.becognizant.testcases.TC003_GSDPage" name="clickOnGSD" time="35.279"/>
  <system-out/>
  <testcase classname="com.becognizant.testcases.TC003_GSDPage" name="verifyMessage" time="0.074"/>
  <system-out/>
  <testcase classname="com.becognizant.testcases.TC003_GSDPage" name="verifyDefaultLanguage" time="0.031"/>
  <system-out/>
  <testcase classname="com.becognizant.testcases.TC003_GSDPage" name="verifyDefaultCountry" time="0.036"/>
  <system-out/>
  <testcase classname="com.becognizant.testcases.TC003_GSDPage" name="verifyAvailableLanguages" time="2.627"/>
  <system-out/>
  <testcase classname="com.becognizant.testcases.TC003_GSDPage" name="defaultCountryTickets" time="4.945"/>
  <system-out/>
  <testcase classname="com.becognizant.testcases.TC003_GSDPage" name="randomCountry" time="30.232"/>
  <system-out/>
</testsuite> <!-- com.becognizant.testcases.TC003_GSDPage -->
